{
  "stats": {
    "suites": 3,
    "tests": 4,
    "passes": 3,
    "pending": 1,
    "failures": 0,
    "start": "2021-06-26T00:07:40.854Z",
    "end": "2021-06-26T00:08:36.733Z",
    "duration": 26591,
    "testsRegistered": 4,
    "passPercent": 75,
    "pendingPercent": 25,
    "other": 0,
    "hasOther": false,
    "skipped": 0,
    "hasSkipped": false
  },
  "results": [
    {
      "uuid": "d275e5c7-e91b-41e7-9d4b-18285128567d",
      "title": "",
      "fullFile": "cypress/integration/peek_pro/peek_pro.spec.js",
      "file": "cypress/integration/peek_pro/peek_pro.spec.js",
      "beforeHooks": [],
      "afterHooks": [],
      "tests": [],
      "suites": [
        {
          "uuid": "c3f0ec86-895c-44a5-abe4-7602af9d7bff",
          "title": "Peek Pro Demo Request",
          "fullFile": "",
          "file": "",
          "beforeHooks": [],
          "afterHooks": [],
          "tests": [
            {
              "title": "verifies user is taken to the demo form",
              "fullTitle": "Peek Pro Demo Request verifies user is taken to the demo form",
              "timedOut": null,
              "duration": 9929,
              "state": "passed",
              "speed": "slow",
              "pass": true,
              "fail": false,
              "pending": false,
              "context": null,
              "code": "//visit peek.com\ncy.visit('http://peek.com'); //click on Learn more\ncy.get('#peek-pro > :nth-child(2) > .col-lg-3 > .section-cta').click(); //verify url contains peek.com/pro\ncy.url().should('contain', '/pro/'); //click on get started and verify request free demo form shows up\ncy.get('#menu-new-main-menu > #menu-item-15110 > a').click(); //check if the user has landed on the right page\ncy.url().should('contain', '/pro/get-started');\ncy.get('.et_pb_code_inner > h2').should('contain', 'Request Free Demo\\n');",
              "err": {},
              "uuid": "e8d0657e-583c-41db-bcd2-66c3aac9a144",
              "parentUUID": "c3f0ec86-895c-44a5-abe4-7602af9d7bff",
              "isHook": false,
              "skipped": false
            }
          ],
          "suites": [],
          "passes": [
            "e8d0657e-583c-41db-bcd2-66c3aac9a144"
          ],
          "failures": [],
          "pending": [],
          "skipped": [],
          "duration": 9929,
          "root": false,
          "rootEmpty": false,
          "_timeout": 2000
        }
      ],
      "passes": [],
      "failures": [],
      "pending": [],
      "skipped": [],
      "duration": 0,
      "root": true,
      "rootEmpty": true,
      "_timeout": 2000
    },
    {
      "uuid": "b07b7b03-b8a3-4bd9-abdc-0fde83450975",
      "title": "",
      "fullFile": "cypress/integration/peek_pro/pointOfSale.spec.js",
      "file": "cypress/integration/peek_pro/pointOfSale.spec.js",
      "beforeHooks": [],
      "afterHooks": [],
      "tests": [],
      "suites": [
        {
          "uuid": "5d6335d9-094d-47a5-b325-0d1ea95b2519",
          "title": "peekpro-pointOfSale product",
          "fullFile": "",
          "file": "",
          "beforeHooks": [],
          "afterHooks": [],
          "tests": [
            {
              "title": "checks all elements and feautes on point of sale page",
              "fullTitle": "peekpro-pointOfSale product checks all elements and feautes on point of sale page",
              "timedOut": null,
              "duration": 11262,
              "state": "passed",
              "speed": "slow",
              "pass": true,
              "fail": false,
              "pending": false,
              "context": null,
              "code": "//visit peek pro page\ncy.visit('http://peek.com/pro'); //click on the produc Tour on the top nav\ncy.get('#menu-new-main-menu > #menu-item-17225 > a').click(); //check that user is taken on the product tour page\ncy.url().should('contain', 'pro/product-tour'); //User clicks on the learn more button of Point of sale prod\ncy.get('.et_pb_column_2 > .et_pb_code > .et_pb_code_inner > .pt-learn-more').click(); //check that user is correctly taken to point of sale page\ncy.url().should('contain', 'pro/product-tour/point-of-sale'); //verify that page displays POS specific features\ncy.get('.et_pb_column_7 > .et_pb_module > .et_pb_text_inner > h2').should('have.text', 'Optimized for Speed');\ncy.get('.et_pb_column_9 > .et_pb_module > .et_pb_text_inner > h2').should('have.text', 'See Availability At A Glance');\ncy.get('.et_pb_column_13 > .et_pb_module > .et_pb_text_inner > h2').should('have.text', 'Goes Anywhere');\ncy.get('.et_pb_column_31 > .et_pb_module > .et_pb_text_inner > h2').should('have.text', 'Ticket Printing');",
              "err": {},
              "uuid": "cb22825c-5b86-481a-ad4e-19922b5cd344",
              "parentUUID": "5d6335d9-094d-47a5-b325-0d1ea95b2519",
              "isHook": false,
              "skipped": false
            }
          ],
          "suites": [],
          "passes": [
            "cb22825c-5b86-481a-ad4e-19922b5cd344"
          ],
          "failures": [],
          "pending": [],
          "skipped": [],
          "duration": 11262,
          "root": false,
          "rootEmpty": false,
          "_timeout": 2000
        }
      ],
      "passes": [],
      "failures": [],
      "pending": [],
      "skipped": [],
      "duration": 0,
      "root": true,
      "rootEmpty": true,
      "_timeout": 2000
    },
    {
      "uuid": "9e669d97-321f-4185-8693-61b58ac9a9bc",
      "title": "",
      "fullFile": "cypress/integration/signup_login.spec.js",
      "file": "cypress/integration/signup_login.spec.js",
      "beforeHooks": [],
      "afterHooks": [],
      "tests": [],
      "suites": [
        {
          "uuid": "ea006e6d-7c97-4c8b-b6ef-ae8d66238375",
          "title": "New User sign up and login",
          "fullFile": "",
          "file": "",
          "beforeHooks": [],
          "afterHooks": [],
          "tests": [
            {
              "title": "Creates a new user",
              "fullTitle": "New User sign up and login Creates a new user",
              "timedOut": null,
              "duration": 0,
              "state": "pending",
              "speed": null,
              "pass": false,
              "fail": false,
              "pending": true,
              "context": null,
              "code": "",
              "err": {},
              "uuid": "19fd0d3c-0291-4185-a8f7-3e567c014806",
              "parentUUID": "ea006e6d-7c97-4c8b-b6ef-ae8d66238375",
              "isHook": false,
              "skipped": false
            },
            {
              "title": "Logs in existing user",
              "fullTitle": "New User sign up and login Logs in existing user",
              "timedOut": null,
              "duration": 5400,
              "state": "passed",
              "speed": "slow",
              "pass": true,
              "fail": false,
              "pending": false,
              "context": null,
              "code": "//go to home page\ncy.viewport('macbook-15');\ncy.visit('https://www.peek.com/'); //click on the login/signup\ncy.contains('Log In / Sign Up').click({\n  force: true\n}); //Click on the login button\ncy.get(':nth-child(3) > .btn').click(); //enter email\ncy.get('#user_email').type('testUser1@gmail.com'); //enter password\ncy.get('#user_password').type('12345678'); //click on the sign in button\ncy.get('.btn').click(); //assert the success confirmation\n//test was failing at this point\n//app converting the email id testUser1@gmail.com to testuser1@gmail.com \ncy.get('li > .dark-on-light').should('contain', 'testuser1@gmail.com');",
              "err": {},
              "uuid": "74ab431a-77a8-431f-8682-eeaf268bb6c1",
              "parentUUID": "ea006e6d-7c97-4c8b-b6ef-ae8d66238375",
              "isHook": false,
              "skipped": false
            }
          ],
          "suites": [],
          "passes": [
            "74ab431a-77a8-431f-8682-eeaf268bb6c1"
          ],
          "failures": [],
          "pending": [
            "19fd0d3c-0291-4185-a8f7-3e567c014806"
          ],
          "skipped": [],
          "duration": 5400,
          "root": false,
          "rootEmpty": false,
          "_timeout": 2000
        }
      ],
      "passes": [],
      "failures": [],
      "pending": [],
      "skipped": [],
      "duration": 0,
      "root": true,
      "rootEmpty": true,
      "_timeout": 2000
    }
  ],
  "meta": {
    "mocha": {
      "version": "7.0.1"
    },
    "mochawesome": {
      "options": {
        "quiet": false,
        "reportFilename": "mochawesome",
        "saveHtml": false,
        "saveJson": true,
        "consoleReporter": "spec",
        "useInlineDiffs": false,
        "code": true
      },
      "version": "6.2.2"
    },
    "marge": {
      "options": {
        "reportDir": "cypress/report/mochawesome-report",
        "overwrite": false,
        "html": false,
        "json": true,
        "timestamp": "mmddyyyy_HHMMss"
      },
      "version": "5.2.0"
    }
  }
}