{
  "stats": {
    "suites": 1,
    "tests": 1,
    "passes": 1,
    "pending": 1,
    "failures": -1,
    "start": "2021-06-26T00:08:29.427Z",
    "end": "2021-06-26T00:08:36.733Z",
    "duration": 7306,
    "testsRegistered": 2,
    "passPercent": 100,
    "pendingPercent": 50,
    "other": 1,
    "hasOther": true,
    "skipped": 1,
    "hasSkipped": true
  },
  "results": [
    {
      "uuid": "9e669d97-321f-4185-8693-61b58ac9a9bc",
      "title": "",
      "fullFile": "cypress/integration/signup_login.spec.js",
      "file": "cypress/integration/signup_login.spec.js",
      "beforeHooks": [],
      "afterHooks": [],
      "tests": [],
      "suites": [
        {
          "uuid": "ea006e6d-7c97-4c8b-b6ef-ae8d66238375",
          "title": "New User sign up and login",
          "fullFile": "",
          "file": "",
          "beforeHooks": [],
          "afterHooks": [],
          "tests": [
            {
              "title": "Creates a new user",
              "fullTitle": "New User sign up and login Creates a new user",
              "timedOut": null,
              "duration": 0,
              "state": "pending",
              "speed": null,
              "pass": false,
              "fail": false,
              "pending": true,
              "context": null,
              "code": "",
              "err": {},
              "uuid": "19fd0d3c-0291-4185-a8f7-3e567c014806",
              "parentUUID": "ea006e6d-7c97-4c8b-b6ef-ae8d66238375",
              "isHook": false,
              "skipped": false
            },
            {
              "title": "Logs in existing user",
              "fullTitle": "New User sign up and login Logs in existing user",
              "timedOut": null,
              "duration": 5400,
              "state": "passed",
              "speed": "slow",
              "pass": true,
              "fail": false,
              "pending": false,
              "context": null,
              "code": "//go to home page\ncy.viewport('macbook-15');\ncy.visit('https://www.peek.com/'); //click on the login/signup\ncy.contains('Log In / Sign Up').click({\n  force: true\n}); //Click on the login button\ncy.get(':nth-child(3) > .btn').click(); //enter email\ncy.get('#user_email').type('testUser1@gmail.com'); //enter password\ncy.get('#user_password').type('12345678'); //click on the sign in button\ncy.get('.btn').click(); //assert the success confirmation\n//test was failing at this point\n//app converting the email id testUser1@gmail.com to testuser1@gmail.com \ncy.get('li > .dark-on-light').should('contain', 'testuser1@gmail.com');",
              "err": {},
              "uuid": "74ab431a-77a8-431f-8682-eeaf268bb6c1",
              "parentUUID": "ea006e6d-7c97-4c8b-b6ef-ae8d66238375",
              "isHook": false,
              "skipped": false
            }
          ],
          "suites": [],
          "passes": [
            "74ab431a-77a8-431f-8682-eeaf268bb6c1"
          ],
          "failures": [],
          "pending": [
            "19fd0d3c-0291-4185-a8f7-3e567c014806"
          ],
          "skipped": [],
          "duration": 5400,
          "root": false,
          "rootEmpty": false,
          "_timeout": 2000
        }
      ],
      "passes": [],
      "failures": [],
      "pending": [],
      "skipped": [],
      "duration": 0,
      "root": true,
      "rootEmpty": true,
      "_timeout": 2000
    }
  ],
  "meta": {
    "mocha": {
      "version": "7.0.1"
    },
    "mochawesome": {
      "options": {
        "quiet": false,
        "reportFilename": "mochawesome",
        "saveHtml": false,
        "saveJson": true,
        "consoleReporter": "spec",
        "useInlineDiffs": false,
        "code": true
      },
      "version": "6.2.2"
    },
    "marge": {
      "options": {
        "reportDir": "cypress/report/mochawesome-report",
        "overwrite": false,
        "html": false,
        "json": true,
        "timestamp": "mmddyyyy_HHMMss"
      },
      "version": "5.2.0"
    }
  }
}